Using pre-set license
Built from '2020.3/staging' branch; Version is '2020.3.32f1 (12f8b0834f07) revision 1243312'; Using compiler version '192528614'; Build Type 'Release'
OS: 'Windows 10  (10.0.19042) 64bit CoreSingleLanguage' Language: 'en' Physical Memory: 7055 MB
BatchMode: 1, IsHumanControllingUs: 0, StartBugReporterOnCrash: 0, Is64bit: 1, IsPro: 0

COMMAND LINE ARGUMENTS:
F:\kaleb\bisnis\develover\unity2019\Unity\Editor\2020.3.32f1\Editor\Unity.exe
-adb2
-batchMode
-noUpm
-name
AssetImportWorker0
-projectPath
F:/kaleb/bisnis/develover/project/The Animals
-logFile
Logs/AssetImportWorker0.log
-srvPort
62432
Successfully changed project path to: F:/kaleb/bisnis/develover/project/The Animals
F:/kaleb/bisnis/develover/project/The Animals
Using Asset Import Pipeline V2.
Refreshing native plugins compatible for Editor in 57.16 ms, found 2 plugins.
Preloading 0 native plugins for Editor in 0.00 ms.
Initialize engine version: 2020.3.32f1 (12f8b0834f07)
[Subsystems] Discovering subsystems at path F:/kaleb/bisnis/develover/unity2019/Unity/Editor/2020.3.32f1/Editor/Data/Resources/UnitySubsystems
[Subsystems] Discovering subsystems at path F:/kaleb/bisnis/develover/project/The Animals/Assets
GfxDevice: creating device client; threaded=0
Direct3D:
    Version:  Direct3D 11.0 [level 11.1]
    Renderer: AMD Radeon(TM) R5 Graphics (ID=0x98e4)
    Vendor:   
    VRAM:     3527 MB
    Driver:   27.20.20903.8001
Initialize mono
Mono path[0] = 'F:/kaleb/bisnis/develover/unity2019/Unity/Editor/2020.3.32f1/Editor/Data/Managed'
Mono path[1] = 'F:/kaleb/bisnis/develover/unity2019/Unity/Editor/2020.3.32f1/Editor/Data/MonoBleedingEdge/lib/mono/unityjit'
Mono config path = 'F:/kaleb/bisnis/develover/unity2019/Unity/Editor/2020.3.32f1/Editor/Data/MonoBleedingEdge/etc'
Using monoOptions --debugger-agent=transport=dt_socket,embedding=1,server=y,suspend=n,address=127.0.0.1:56312
Begin MonoManager ReloadAssembly
Registering precompiled unity dll's ...
Register platform support module: F:/kaleb/bisnis/develover/unity2019/Unity/Editor/2020.3.32f1/Editor/Data/PlaybackEngines/WindowsStandaloneSupport/UnityEditor.WindowsStandalone.Extensions.dll
Registered in 0.002607 seconds.
Native extension for WindowsStandalone target not found
Refreshing native plugins compatible for Editor in 53.81 ms, found 2 plugins.
Preloading 0 native plugins for Editor in 0.00 ms.
Mono: successfully reloaded assembly
- Completed reload, in  1.134 seconds
Domain Reload Profiling:
	ReloadAssembly (1135ms)
		BeginReloadAssembly (115ms)
			ExecutionOrderSort (0ms)
			DisableScriptedObjects (0ms)
			BackupInstance (0ms)
			ReleaseScriptingObjects (0ms)
			CreateAndSetChildDomain (1ms)
		EndReloadAssembly (889ms)
			LoadAssemblies (113ms)
			RebuildTransferFunctionScriptingTraits (0ms)
			SetupTypeCache (316ms)
			ReleaseScriptCaches (0ms)
			RebuildScriptCaches (56ms)
			SetupLoadedEditorAssemblies (333ms)
				LogAssemblyErrors (0ms)
				InitializePlatformSupportModulesInManaged (7ms)
				SetLoadedEditorAssemblies (0ms)
				RefreshPlugins (54ms)
				BeforeProcessingInitializeOnLoad (21ms)
				ProcessInitializeOnLoadAttributes (182ms)
				ProcessInitializeOnLoadMethodAttributes (68ms)
				AfterProcessingInitializeOnLoad (0ms)
				EditorAssembliesLoaded (0ms)
			ExecutionOrderSort2 (0ms)
			AwakeInstancesAfterBackupRestoration (0ms)
Platform modules already initialized, skipping
Registering precompiled user dll's ...
Registered in 0.003420 seconds.
Begin MonoManager ReloadAssembly
Native extension for WindowsStandalone target not found
Refreshing native plugins compatible for Editor in 0.62 ms, found 2 plugins.
Preloading 0 native plugins for Editor in 0.00 ms.
Mono: successfully reloaded assembly
- Completed reload, in  1.857 seconds
Domain Reload Profiling:
	ReloadAssembly (1859ms)
		BeginReloadAssembly (336ms)
			ExecutionOrderSort (0ms)
			DisableScriptedObjects (12ms)
			BackupInstance (0ms)
			ReleaseScriptingObjects (0ms)
			CreateAndSetChildDomain (38ms)
		EndReloadAssembly (1406ms)
			LoadAssemblies (232ms)
			RebuildTransferFunctionScriptingTraits (0ms)
			SetupTypeCache (495ms)
			ReleaseScriptCaches (1ms)
			RebuildScriptCaches (82ms)
			SetupLoadedEditorAssemblies (513ms)
				LogAssemblyErrors (0ms)
				InitializePlatformSupportModulesInManaged (8ms)
				SetLoadedEditorAssemblies (1ms)
				RefreshPlugins (1ms)
				BeforeProcessingInitializeOnLoad (95ms)
				ProcessInitializeOnLoadAttributes (384ms)
				ProcessInitializeOnLoadMethodAttributes (19ms)
				AfterProcessingInitializeOnLoad (6ms)
				EditorAssembliesLoaded (1ms)
			ExecutionOrderSort2 (0ms)
			AwakeInstancesAfterBackupRestoration (14ms)
Platform modules already initialized, skipping
========================================================================
Worker process is ready to serve import requests
Launched and connected shader compiler UnityShaderCompiler.exe after 0.07 seconds
Refreshing native plugins compatible for Editor in 0.61 ms, found 2 plugins.
Preloading 0 native plugins for Editor in 0.00 ms.
Unloading 1507 Unused Serialized files (Serialized files now loaded: 0)
System memory in use before: 68.6 MB.
System memory in use after: 68.6 MB.

Unloading 16 unused Assets to reduce memory usage. Loaded Objects now: 1942.
Total: 4.776100 ms (FindLiveObjects: 0.283000 ms CreateObjectMapping: 0.073500 ms MarkObjects: 4.302600 ms  DeleteObjects: 0.114900 ms)

AssetImportParameters requested are different than current active one (requested -> active):
  custom:framework-win-MediaFoundation: 216162199b28c13a410421893ffa2e32 -> 
  custom:video-decoder-ogg-theora: a1e56fd34408186e4bbccfd4996cb3dc -> 
  custom:container-muxer-webm: aa71ff27fc2769a1b78a27578f13a17b -> 
  custom:container-demuxer-webm: 4f35f7cbe854078d1ac9338744f61a02 -> 
  custom:container-demuxer-ogg: 62fdf1f143b41e24485cea50d1cbac27 -> 
  custom:video-encoder-webm-vp8: eb34c28f22e8b96e1ab97ce403110664 -> 
  custom:video-decoder-webm-vp8: 9c59270c3fd7afecdb556c50c9e8de78 -> 
  custom:audio-decoder-ogg-vorbis: bf7c407c2cedff20999df2af8eb42d56 -> 
  custom:audio-encoder-webm-vorbis: bf7c407c2cedff20999df2af8eb42d56 -> 
========================================================================
Received Import Request.
  path: Assets
  artifactKey: Guid(00000000000000001000000000000000) Importer(815301076,1909f56bfc062723c751e8b465ee728b)
Start importing Assets using Guid(00000000000000001000000000000000) Importer(815301076,1909f56bfc062723c751e8b465ee728b)  -> (artifact id: '42d402b061de3733987d63b9cc3b64de') in 0.006592 seconds 
========================================================================
Received Import Request.
  Time since last request: 30.772734 seconds.
  path: Assets/file
  artifactKey: Guid(8e61f91e20cef2d488c31d890775ce36) Importer(815301076,1909f56bfc062723c751e8b465ee728b)
Start importing Assets/file using Guid(8e61f91e20cef2d488c31d890775ce36) Importer(815301076,1909f56bfc062723c751e8b465ee728b)  -> (artifact id: '1201b219eb2c1ad62240dced34bd7f87') in 0.009507 seconds 
========================================================================
Received Import Request.
  Time since last request: 1.608868 seconds.
  path: Assets/Scenes
  artifactKey: Guid(fc8e03cfc06009247a5f726b0a15a6e0) Importer(815301076,1909f56bfc062723c751e8b465ee728b)
Start importing Assets/Scenes using Guid(fc8e03cfc06009247a5f726b0a15a6e0) Importer(815301076,1909f56bfc062723c751e8b465ee728b)  -> (artifact id: '30a5605eef88c6d2ed2f2afec7a056d1') in 0.017002 seconds 
========================================================================
Received Import Request.
  Time since last request: 21.485564 seconds.
  path: Assets/Scenes/Home.unity
  artifactKey: Guid(9bff4a8bbcadec54aad9b0f12edc87b9) Importer(815301076,1909f56bfc062723c751e8b465ee728b)
Start importing Assets/Scenes/Home.unity using Guid(9bff4a8bbcadec54aad9b0f12edc87b9) Importer(815301076,1909f56bfc062723c751e8b465ee728b)  -> (artifact id: 'a666d05bb4467a7832edb6d78b1877ca') in 0.002532 seconds 
========================================================================
Received Import Request.
  Time since last request: 4.322677 seconds.
  path: Assets/Scenes/SampleScene.unity
  artifactKey: Guid(9fc0d4010bbf28b4594072e72b8655ab) Importer(815301076,1909f56bfc062723c751e8b465ee728b)
Start importing Assets/Scenes/SampleScene.unity using Guid(9fc0d4010bbf28b4594072e72b8655ab) Importer(815301076,1909f56bfc062723c751e8b465ee728b)  -> (artifact id: '94c55409359c0051422e58de30b0573d') in 0.014509 seconds 
========================================================================
Received Import Request.
  Time since last request: 15.220552 seconds.
  path: Assets/Scenes/SampleScene.unity
  artifactKey: Guid(9fc0d4010bbf28b4594072e72b8655ab) Importer(815301076,1909f56bfc062723c751e8b465ee728b)
Start importing Assets/Scenes/SampleScene.unity using Guid(9fc0d4010bbf28b4594072e72b8655ab) Importer(815301076,1909f56bfc062723c751e8b465ee728b)  -> (artifact id: '8bfd77735d6e03e7b649167acbf760e2') in 0.012913 seconds 
========================================================================
Received Import Request.
  Time since last request: 53.704209 seconds.
  path: Assets/Scenes/Game.unity
  artifactKey: Guid(2cb4012b974364648b51c5a2c6e86784) Importer(815301076,1909f56bfc062723c751e8b465ee728b)
Start importing Assets/Scenes/Game.unity using Guid(2cb4012b974364648b51c5a2c6e86784) Importer(815301076,1909f56bfc062723c751e8b465ee728b)  -> (artifact id: '2691acb1303f715db9f127b1538e2e1a') in 0.024818 seconds 
========================================================================
Received Import Request.
  Time since last request: 20.925078 seconds.
  path: Assets/Scenes/New Scene.unity
  artifactKey: Guid(dbae8ff8c70816f4ba27818bf25572ae) Importer(815301076,1909f56bfc062723c751e8b465ee728b)
Start importing Assets/Scenes/New Scene.unity using Guid(dbae8ff8c70816f4ba27818bf25572ae) Importer(815301076,1909f56bfc062723c751e8b465ee728b)  -> (artifact id: 'ef5bcb1563836fc1bef4ed02df3e33d3') in 0.027102 seconds 
========================================================================
Received Import Request.
  Time since last request: 46.722408 seconds.
  path: Assets/Scenes/Music.unity
  artifactKey: Guid(dbae8ff8c70816f4ba27818bf25572ae) Importer(815301076,1909f56bfc062723c751e8b465ee728b)
Start importing Assets/Scenes/Music.unity using Guid(dbae8ff8c70816f4ba27818bf25572ae) Importer(815301076,1909f56bfc062723c751e8b465ee728b)  -> (artifact id: '3e9112bc227333f3b5e004d296d8d32a') in 0.061143 seconds 
========================================================================
Received Import Request.
  Time since last request: 29.340301 seconds.
  path: Assets/Scenes/About.unity
  artifactKey: Guid(15cb6194ddf2c784398afc88148760d0) Importer(815301076,1909f56bfc062723c751e8b465ee728b)
Start importing Assets/Scenes/About.unity using Guid(15cb6194ddf2c784398afc88148760d0) Importer(815301076,1909f56bfc062723c751e8b465ee728b)  -> (artifact id: '835cd84f0738c47ccdb9c08d21e51d87') in 0.018665 seconds 
========================================================================
Received Import Request.
  Time since last request: 7.789835 seconds.
  path: Assets/Scenes/New Scene.unity
  artifactKey: Guid(a5192e3de886b314093f952f9ec41137) Importer(815301076,1909f56bfc062723c751e8b465ee728b)
Start importing Assets/Scenes/New Scene.unity using Guid(a5192e3de886b314093f952f9ec41137) Importer(815301076,1909f56bfc062723c751e8b465ee728b)  -> (artifact id: '237166d91684c794e4a42d7320eaeac6') in 0.013378 seconds 
========================================================================
Received Import Request.
  Time since last request: 69.373021 seconds.
  path: Assets/scripts
  artifactKey: Guid(80c1ee0e6679c594ba98068104c272ba) Importer(815301076,1909f56bfc062723c751e8b465ee728b)
Start importing Assets/scripts using Guid(80c1ee0e6679c594ba98068104c272ba) Importer(815301076,1909f56bfc062723c751e8b465ee728b)  -> (artifact id: 'f175f26748adb5ffdce06c26a7361ccd') in 0.013659 seconds 
========================================================================
Received Import Request.
  Time since last request: 5.534916 seconds.
  path: Assets/files
  artifactKey: Guid(8e61f91e20cef2d488c31d890775ce36) Importer(815301076,1909f56bfc062723c751e8b465ee728b)
Start importing Assets/files using Guid(8e61f91e20cef2d488c31d890775ce36) Importer(815301076,1909f56bfc062723c751e8b465ee728b)  -> (artifact id: '80fbc51983795208572f954a75da6321') in 0.005513 seconds 
